2018-07-12 23:50:38,733 INFO o.a.j.u.JMeterUtils: Setting Locale to en_EN
2018-07-12 23:50:38,762 INFO o.a.j.JMeter: Loading user properties from: /opt/apache-jmeter-4.0/bin/user.properties
2018-07-12 23:50:38,763 INFO o.a.j.JMeter: Loading system properties from: /opt/apache-jmeter-4.0/bin/system.properties
2018-07-12 23:50:38,774 INFO o.a.j.JMeter: Copyright (c) 1998-2018 The Apache Software Foundation
2018-07-12 23:50:38,774 INFO o.a.j.JMeter: Version 4.0 r1823414
2018-07-12 23:50:38,774 INFO o.a.j.JMeter: java.version=1.8.0_162
2018-07-12 23:50:38,774 INFO o.a.j.JMeter: java.vm.name=Java HotSpot(TM) 64-Bit Server VM
2018-07-12 23:50:38,774 INFO o.a.j.JMeter: os.name=Linux
2018-07-12 23:50:38,774 INFO o.a.j.JMeter: os.arch=amd64
2018-07-12 23:50:38,775 INFO o.a.j.JMeter: os.version=4.4.0-130-generic
2018-07-12 23:50:38,775 INFO o.a.j.JMeter: file.encoding=UTF-8
2018-07-12 23:50:38,775 INFO o.a.j.JMeter: Max memory     =1073741824
2018-07-12 23:50:38,775 INFO o.a.j.JMeter: Available Processors =4
2018-07-12 23:50:38,784 INFO o.a.j.JMeter: Default Locale=English (EN)
2018-07-12 23:50:38,785 INFO o.a.j.JMeter: JMeter  Locale=English (EN)
2018-07-12 23:50:38,785 INFO o.a.j.JMeter: JMeterHome=/opt/apache-jmeter-4.0
2018-07-12 23:50:38,785 INFO o.a.j.JMeter: user.dir  =/home/nunobombico/react/extraMile/ExtraMile_NovaBase/bin
2018-07-12 23:50:38,785 INFO o.a.j.JMeter: PWD       =/home/nunobombico/react/extraMile/ExtraMile_NovaBase/bin
2018-07-12 23:50:38,785 INFO o.a.j.JMeter: IP: 127.0.1.1 Name: nunobombico FullName: nunobombico
2018-07-12 23:50:39,386 INFO o.a.j.g.a.LookAndFeelCommand: Installing Darcula LAF
2018-07-12 23:50:39,488 INFO o.a.j.g.a.LookAndFeelCommand: Using look and feel: com.bulenkov.darcula.DarculaLaf [Darcula]
2018-07-12 23:50:39,488 INFO o.a.j.JMeter: Setting LAF to: com.bulenkov.darcula.DarculaLaf
2018-07-12 23:50:39,612 INFO o.a.j.JMeter: Loaded icon properties from org/apache/jmeter/images/icon.properties
2018-07-12 23:50:40,328 INFO o.a.j.e.u.CompoundVariable: Note: Function class names must contain the string: '.functions.'
2018-07-12 23:50:40,328 INFO o.a.j.e.u.CompoundVariable: Note: Function class names must not contain the string: '.gui.'
2018-07-12 23:50:40,782 INFO o.a.j.p.h.s.HTTPSamplerBase: Parser for text/html is org.apache.jmeter.protocol.http.parser.LagartoBasedHtmlParser
2018-07-12 23:50:40,783 INFO o.a.j.p.h.s.HTTPSamplerBase: Parser for application/xhtml+xml is org.apache.jmeter.protocol.http.parser.LagartoBasedHtmlParser
2018-07-12 23:50:40,783 INFO o.a.j.p.h.s.HTTPSamplerBase: Parser for application/xml is org.apache.jmeter.protocol.http.parser.LagartoBasedHtmlParser
2018-07-12 23:50:40,783 INFO o.a.j.p.h.s.HTTPSamplerBase: Parser for text/xml is org.apache.jmeter.protocol.http.parser.LagartoBasedHtmlParser
2018-07-12 23:50:40,783 INFO o.a.j.p.h.s.HTTPSamplerBase: Parser for text/vnd.wap.wml is org.apache.jmeter.protocol.http.parser.RegexpHTMLParser
2018-07-12 23:50:40,783 INFO o.a.j.p.h.s.HTTPSamplerBase: Parser for text/css is org.apache.jmeter.protocol.http.parser.CssParser
2018-07-12 23:50:41,656 INFO o.a.j.e.KeyToolUtils: keytool found at 'keytool'
2018-07-12 23:50:41,657 INFO o.a.j.p.h.p.ProxyControl: HTTP(S) Test Script Recorder SSL Proxy will use keys that support embedded 3rd party resources in file /opt/apache-jmeter-4.0/bin/proxyserver.jks
2018-07-12 23:50:41,856 INFO o.a.j.s.FileServer: Default base='/home/nunobombico/react/extraMile/ExtraMile_NovaBase/bin'
2018-07-12 23:50:42,364 INFO o.a.j.s.SampleResult: Note: Sample TimeStamps are START times
2018-07-12 23:50:42,365 INFO o.a.j.s.SampleResult: sampleresult.default.encoding is set to ISO-8859-1
2018-07-12 23:50:42,365 INFO o.a.j.s.SampleResult: sampleresult.useNanoTime=true
2018-07-12 23:50:42,365 INFO o.a.j.s.SampleResult: sampleresult.nanoThreadSleep=5000
2018-07-12 23:50:46,019 INFO o.a.j.g.a.Load: Loading file: /home/nunobombico/react/extraMile/ExtraMile_NovaBase/jmeter/tests/integration/success-sequence/test.jmx
2018-07-12 23:50:46,019 INFO o.a.j.s.FileServer: Set new base='/home/nunobombico/react/extraMile/ExtraMile_NovaBase/jmeter/tests/integration/success-sequence'
2018-07-12 23:50:46,220 INFO o.a.j.s.SaveService: Testplan (JMX) version: 2.2. Testlog (JTL) version: 2.2
2018-07-12 23:50:46,252 INFO o.a.j.s.SaveService: Using SaveService properties file encoding UTF-8
2018-07-12 23:50:46,254 INFO o.a.j.s.SaveService: Using SaveService properties version 4.0
2018-07-12 23:50:46,258 INFO o.a.j.s.SaveService: Loading file: /home/nunobombico/react/extraMile/ExtraMile_NovaBase/jmeter/tests/integration/success-sequence/test.jmx
2018-07-12 23:50:46,752 INFO o.a.j.s.FileServer: Set new base='/home/nunobombico/react/extraMile/ExtraMile_NovaBase/jmeter/tests/integration/success-sequence'
2018-07-13 00:06:05,604 INFO o.a.j.e.StandardJMeterEngine: Running the test!
2018-07-13 00:06:05,608 INFO o.a.j.s.SampleEvent: List of sample_variables: []
2018-07-13 00:06:05,609 INFO o.a.j.s.SampleEvent: List of sample_variables: []
2018-07-13 00:06:05,703 INFO o.a.j.g.u.JMeterMenuBar: setRunning(true, *local*)
2018-07-13 00:06:06,110 INFO o.a.j.e.StandardJMeterEngine: No enabled thread groups found
2018-07-13 00:06:06,110 INFO o.a.j.e.StandardJMeterEngine: Starting tearDown thread groups
2018-07-13 00:06:06,111 INFO o.a.j.e.StandardJMeterEngine: Starting tearDown ThreadGroup: 1 : tearDown Thread Group
2018-07-13 00:06:06,111 INFO o.a.j.e.StandardJMeterEngine: Starting 1 threads for group tearDown Thread Group.
2018-07-13 00:06:06,111 INFO o.a.j.e.StandardJMeterEngine: Thread will continue on error
2018-07-13 00:06:06,112 INFO o.a.j.t.ThreadGroup: Starting thread group... number=1 threads=1 ramp-up=1 perThread=1000.0 delayedStart=false
2018-07-13 00:06:06,119 INFO o.a.j.t.ThreadGroup: Started thread group number 1
2018-07-13 00:06:06,124 INFO o.a.j.t.JMeterThread: Thread started: tearDown Thread Group 1-1
2018-07-13 00:06:06,175 INFO o.a.j.p.h.s.HTTPHCAbstractImpl: Local host = nunobombico
2018-07-13 00:06:06,185 INFO o.a.j.p.h.s.HTTPHC4Impl: HTTP request retry count = 0
2018-07-13 00:06:34,163 INFO o.a.j.t.JMeterThread: Thread is done: tearDown Thread Group 1-1
2018-07-13 00:06:34,164 INFO o.a.j.t.JMeterThread: Thread finished: tearDown Thread Group 1-1
2018-07-13 00:06:34,168 INFO o.a.j.e.StandardJMeterEngine: Notifying test listeners of end of test
2018-07-13 00:06:34,169 INFO o.a.j.g.u.JMeterMenuBar: setRunning(false, *local*)
2018-07-13 00:07:01,273 INFO o.a.j.e.StandardJMeterEngine: Running the test!
2018-07-13 00:07:01,274 INFO o.a.j.s.SampleEvent: List of sample_variables: []
2018-07-13 00:07:01,310 INFO o.a.j.g.u.JMeterMenuBar: setRunning(true, *local*)
2018-07-13 00:07:01,516 INFO o.a.j.e.StandardJMeterEngine: Starting ThreadGroup: 1 : Initialize Activity
2018-07-13 00:07:01,516 INFO o.a.j.e.StandardJMeterEngine: Starting 1 threads for group Initialize Activity.
2018-07-13 00:07:01,516 INFO o.a.j.e.StandardJMeterEngine: Thread will continue on error
2018-07-13 00:07:01,516 INFO o.a.j.t.ThreadGroup: Starting thread group... number=1 threads=1 ramp-up=1 perThread=1000.0 delayedStart=false
2018-07-13 00:07:01,517 INFO o.a.j.t.ThreadGroup: Started thread group number 1
2018-07-13 00:07:01,517 INFO o.a.j.e.StandardJMeterEngine: Waiting for thread group: Initialize Activity to finish before starting next group
2018-07-13 00:07:01,524 INFO o.a.j.t.JMeterThread: Thread started: Initialize Activity 1-1
2018-07-13 00:07:01,526 INFO o.a.j.s.FileServer: Stored: /home/nunobombico/react/extraMile/ExtraMile_NovaBase/jmeter/tests/integration/success-sequence/offer.txt
2018-07-13 00:07:01,527 INFO o.a.j.s.FileServer: Stored: /home/nunobombico/react/extraMile/ExtraMile_NovaBase/jmeter/tests/integration/success-sequence/activity.txt
2018-07-13 00:07:01,527 INFO o.a.j.s.FileServer: Stored: /home/nunobombico/react/extraMile/ExtraMile_NovaBase/jmeter/tests/integration/success-sequence/provider.txt
2018-07-13 00:07:01,942 INFO o.a.j.t.JMeterThread: Thread is done: Initialize Activity 1-1
2018-07-13 00:07:01,942 INFO o.a.j.t.JMeterThread: Thread finished: Initialize Activity 1-1
2018-07-13 00:07:01,943 INFO o.a.j.e.StandardJMeterEngine: Starting ThreadGroup: 2 : Initialize Bank
2018-07-13 00:07:01,943 INFO o.a.j.e.StandardJMeterEngine: Starting 1 threads for group Initialize Bank.
2018-07-13 00:07:01,943 INFO o.a.j.e.StandardJMeterEngine: Thread will continue on error
2018-07-13 00:07:01,944 INFO o.a.j.t.ThreadGroup: Starting thread group... number=2 threads=1 ramp-up=1 perThread=1000.0 delayedStart=false
2018-07-13 00:07:01,946 INFO o.a.j.t.ThreadGroup: Started thread group number 2
2018-07-13 00:07:01,946 INFO o.a.j.e.StandardJMeterEngine: Waiting for thread group: Initialize Bank to finish before starting next group
2018-07-13 00:07:01,947 INFO o.a.j.t.JMeterThread: Thread started: Initialize Bank 2-1
2018-07-13 00:07:01,949 INFO o.a.j.s.FileServer: Stored: /home/nunobombico/react/extraMile/ExtraMile_NovaBase/jmeter/tests/integration/success-sequence/bank.txt
2018-07-13 00:07:02,164 INFO o.a.j.s.FileServer: Stored: /home/nunobombico/react/extraMile/ExtraMile_NovaBase/jmeter/tests/integration/success-sequence/client.txt
2018-07-13 00:07:03,458 INFO o.a.j.s.FileServer: Stored: /home/nunobombico/react/extraMile/ExtraMile_NovaBase/jmeter/tests/integration/success-sequence/clientId.txt
2018-07-13 00:07:03,921 INFO o.a.j.s.FileServer: Stored: /home/nunobombico/react/extraMile/ExtraMile_NovaBase/jmeter/tests/integration/success-sequence/deposit.txt
2018-07-13 00:07:04,365 INFO o.a.j.t.JMeterThread: Thread is done: Initialize Bank 2-1
2018-07-13 00:07:04,365 INFO o.a.j.t.JMeterThread: Thread finished: Initialize Bank 2-1
2018-07-13 00:07:04,366 INFO o.a.j.e.StandardJMeterEngine: Starting ThreadGroup: 3 : Initialize Hotel
2018-07-13 00:07:04,366 INFO o.a.j.e.StandardJMeterEngine: Starting 1 threads for group Initialize Hotel.
2018-07-13 00:07:04,366 INFO o.a.j.e.StandardJMeterEngine: Thread will continue on error
2018-07-13 00:07:04,367 INFO o.a.j.t.ThreadGroup: Starting thread group... number=3 threads=1 ramp-up=1 perThread=1000.0 delayedStart=false
2018-07-13 00:07:04,367 INFO o.a.j.t.ThreadGroup: Started thread group number 3
2018-07-13 00:07:04,367 INFO o.a.j.e.StandardJMeterEngine: Waiting for thread group: Initialize Hotel to finish before starting next group
2018-07-13 00:07:04,368 INFO o.a.j.t.JMeterThread: Thread started: Initialize Hotel 3-1
2018-07-13 00:07:04,370 INFO o.a.j.s.FileServer: Stored: /home/nunobombico/react/extraMile/ExtraMile_NovaBase/jmeter/tests/integration/success-sequence/room.txt
2018-07-13 00:07:04,371 INFO o.a.j.s.FileServer: Stored: /home/nunobombico/react/extraMile/ExtraMile_NovaBase/jmeter/tests/integration/success-sequence/hotel.txt
2018-07-13 00:07:04,743 INFO o.a.j.t.JMeterThread: Thread is done: Initialize Hotel 3-1
2018-07-13 00:07:04,743 INFO o.a.j.t.JMeterThread: Thread finished: Initialize Hotel 3-1
2018-07-13 00:07:04,745 INFO o.a.j.e.StandardJMeterEngine: Starting ThreadGroup: 4 : Initialize Rent a Car
2018-07-13 00:07:04,745 INFO o.a.j.e.StandardJMeterEngine: Starting 1 threads for group Initialize Rent a Car.
2018-07-13 00:07:04,745 INFO o.a.j.e.StandardJMeterEngine: Thread will continue on error
2018-07-13 00:07:04,745 INFO o.a.j.t.ThreadGroup: Starting thread group... number=4 threads=1 ramp-up=1 perThread=1000.0 delayedStart=false
2018-07-13 00:07:04,746 INFO o.a.j.t.ThreadGroup: Started thread group number 4
2018-07-13 00:07:04,746 INFO o.a.j.e.StandardJMeterEngine: Waiting for thread group: Initialize Rent a Car to finish before starting next group
2018-07-13 00:07:04,747 INFO o.a.j.t.JMeterThread: Thread started: Initialize Rent a Car 4-1
2018-07-13 00:07:04,748 INFO o.a.j.s.FileServer: Stored: /home/nunobombico/react/extraMile/ExtraMile_NovaBase/jmeter/tests/integration/success-sequence/car.txt
2018-07-13 00:07:04,761 INFO o.a.j.s.FileServer: Stored: /home/nunobombico/react/extraMile/ExtraMile_NovaBase/jmeter/tests/integration/success-sequence/rentacar.txt
2018-07-13 00:07:05,176 INFO o.a.j.t.JMeterThread: Thread is done: Initialize Rent a Car 4-1
2018-07-13 00:07:05,176 INFO o.a.j.t.JMeterThread: Thread finished: Initialize Rent a Car 4-1
2018-07-13 00:07:05,178 INFO o.a.j.e.StandardJMeterEngine: Starting ThreadGroup: 5 : Initialize Tax
2018-07-13 00:07:05,178 INFO o.a.j.e.StandardJMeterEngine: Starting 1 threads for group Initialize Tax.
2018-07-13 00:07:05,178 INFO o.a.j.e.StandardJMeterEngine: Thread will continue on error
2018-07-13 00:07:05,179 INFO o.a.j.t.ThreadGroup: Starting thread group... number=5 threads=1 ramp-up=1 perThread=1000.0 delayedStart=false
2018-07-13 00:07:05,183 INFO o.a.j.t.ThreadGroup: Started thread group number 5
2018-07-13 00:07:05,183 INFO o.a.j.e.StandardJMeterEngine: Waiting for thread group: Initialize Tax to finish before starting next group
2018-07-13 00:07:05,184 INFO o.a.j.t.JMeterThread: Thread started: Initialize Tax 5-1
2018-07-13 00:07:05,186 INFO o.a.j.s.FileServer: Stored: /home/nunobombico/react/extraMile/ExtraMile_NovaBase/jmeter/tests/integration/success-sequence/itemtype.txt
2018-07-13 00:07:06,083 INFO o.a.j.s.FileServer: Stored: /home/nunobombico/react/extraMile/ExtraMile_NovaBase/jmeter/tests/integration/success-sequence/taxpayer.txt
2018-07-13 00:07:06,611 INFO o.a.j.t.JMeterThread: Thread is done: Initialize Tax 5-1
2018-07-13 00:07:06,611 INFO o.a.j.t.JMeterThread: Thread finished: Initialize Tax 5-1
2018-07-13 00:07:06,612 INFO o.a.j.e.StandardJMeterEngine: Starting ThreadGroup: 6 : Initialize Broker
2018-07-13 00:07:06,612 INFO o.a.j.e.StandardJMeterEngine: Starting 1 threads for group Initialize Broker.
2018-07-13 00:07:06,612 INFO o.a.j.e.StandardJMeterEngine: Thread will continue on error
2018-07-13 00:07:06,613 INFO o.a.j.t.ThreadGroup: Starting thread group... number=6 threads=1 ramp-up=1 perThread=1000.0 delayedStart=false
2018-07-13 00:07:06,617 INFO o.a.j.t.ThreadGroup: Started thread group number 6
2018-07-13 00:07:06,618 INFO o.a.j.e.StandardJMeterEngine: All thread groups have been started
2018-07-13 00:07:06,623 INFO o.a.j.t.JMeterThread: Thread started: Initialize Broker 6-1
2018-07-13 00:07:06,624 INFO o.a.j.s.FileServer: Stored: /home/nunobombico/react/extraMile/ExtraMile_NovaBase/jmeter/tests/integration/success-sequence/adventure.txt Alias: /home/nunobombico/react/extraMile/ExtraMile_NovaBase/jmeter/tests/integration/success-sequence/adventure.txt@384606579
2018-07-13 00:07:06,625 INFO o.a.j.s.FileServer: Stored: /home/nunobombico/react/extraMile/ExtraMile_NovaBase/jmeter/tests/integration/success-sequence/brokerClient.txt
2018-07-13 00:07:06,626 INFO o.a.j.s.FileServer: Stored: /home/nunobombico/react/extraMile/ExtraMile_NovaBase/jmeter/tests/integration/success-sequence/broker.txt
2018-07-13 00:07:07,040 INFO o.a.j.t.JMeterThread: Thread is done: Initialize Broker 6-1
2018-07-13 00:07:07,040 INFO o.a.j.t.JMeterThread: Thread finished: Initialize Broker 6-1
2018-07-13 00:07:07,041 INFO o.a.j.e.StandardJMeterEngine: Notifying test listeners of end of test
2018-07-13 00:07:07,041 INFO o.a.j.s.FileServer: Close: /home/nunobombico/react/extraMile/ExtraMile_NovaBase/jmeter/tests/integration/success-sequence/provider.txt
2018-07-13 00:07:07,042 INFO o.a.j.s.FileServer: Close: /home/nunobombico/react/extraMile/ExtraMile_NovaBase/jmeter/tests/integration/success-sequence/clientId.txt
2018-07-13 00:07:07,043 INFO o.a.j.s.FileServer: Close: /home/nunobombico/react/extraMile/ExtraMile_NovaBase/jmeter/tests/integration/success-sequence/hotel.txt
2018-07-13 00:07:07,044 INFO o.a.j.s.FileServer: Close: /home/nunobombico/react/extraMile/ExtraMile_NovaBase/jmeter/tests/integration/success-sequence/itemtype.txt
2018-07-13 00:07:07,044 INFO o.a.j.s.FileServer: Close: /home/nunobombico/react/extraMile/ExtraMile_NovaBase/jmeter/tests/integration/success-sequence/brokerClient.txt
2018-07-13 00:07:07,047 INFO o.a.j.s.FileServer: Close: /home/nunobombico/react/extraMile/ExtraMile_NovaBase/jmeter/tests/integration/success-sequence/client.txt
2018-07-13 00:07:07,047 INFO o.a.j.s.FileServer: Close: /home/nunobombico/react/extraMile/ExtraMile_NovaBase/jmeter/tests/integration/success-sequence/deposit.txt
2018-07-13 00:07:07,047 INFO o.a.j.s.FileServer: Close: /home/nunobombico/react/extraMile/ExtraMile_NovaBase/jmeter/tests/integration/success-sequence/car.txt
2018-07-13 00:07:07,048 INFO o.a.j.s.FileServer: Close: /home/nunobombico/react/extraMile/ExtraMile_NovaBase/jmeter/tests/integration/success-sequence/taxpayer.txt
2018-07-13 00:07:07,048 INFO o.a.j.s.FileServer: Close: /home/nunobombico/react/extraMile/ExtraMile_NovaBase/jmeter/tests/integration/success-sequence/activity.txt
2018-07-13 00:07:07,048 INFO o.a.j.s.FileServer: Close: /home/nunobombico/react/extraMile/ExtraMile_NovaBase/jmeter/tests/integration/success-sequence/adventure.txt@384606579
2018-07-13 00:07:07,049 INFO o.a.j.s.FileServer: Close: /home/nunobombico/react/extraMile/ExtraMile_NovaBase/jmeter/tests/integration/success-sequence/room.txt
2018-07-13 00:07:07,049 INFO o.a.j.s.FileServer: Close: /home/nunobombico/react/extraMile/ExtraMile_NovaBase/jmeter/tests/integration/success-sequence/rentacar.txt
2018-07-13 00:07:07,049 INFO o.a.j.s.FileServer: Close: /home/nunobombico/react/extraMile/ExtraMile_NovaBase/jmeter/tests/integration/success-sequence/bank.txt
2018-07-13 00:07:07,049 INFO o.a.j.s.FileServer: Close: /home/nunobombico/react/extraMile/ExtraMile_NovaBase/jmeter/tests/integration/success-sequence/offer.txt
2018-07-13 00:07:07,049 INFO o.a.j.s.FileServer: Close: /home/nunobombico/react/extraMile/ExtraMile_NovaBase/jmeter/tests/integration/success-sequence/broker.txt
2018-07-13 00:07:07,050 INFO o.a.j.g.u.JMeterMenuBar: setRunning(false, *local*)
2018-07-13 00:15:40,864 INFO o.a.j.e.StandardJMeterEngine: Running the test!
2018-07-13 00:15:40,870 INFO o.a.j.s.SampleEvent: List of sample_variables: []
2018-07-13 00:15:40,882 INFO o.a.j.g.u.JMeterMenuBar: setRunning(true, *local*)
2018-07-13 00:15:41,277 INFO o.a.j.e.StandardJMeterEngine: No enabled thread groups found
2018-07-13 00:15:41,278 INFO o.a.j.e.StandardJMeterEngine: Starting tearDown thread groups
2018-07-13 00:15:41,278 INFO o.a.j.e.StandardJMeterEngine: Starting tearDown ThreadGroup: 1 : tearDown Thread Group
2018-07-13 00:15:41,278 INFO o.a.j.e.StandardJMeterEngine: Starting 1 threads for group tearDown Thread Group.
2018-07-13 00:15:41,278 INFO o.a.j.e.StandardJMeterEngine: Thread will continue on error
2018-07-13 00:15:41,278 INFO o.a.j.t.ThreadGroup: Starting thread group... number=1 threads=1 ramp-up=1 perThread=1000.0 delayedStart=false
2018-07-13 00:15:41,281 INFO o.a.j.t.ThreadGroup: Started thread group number 1
2018-07-13 00:15:41,282 INFO o.a.j.t.JMeterThread: Thread started: tearDown Thread Group 1-1
2018-07-13 00:15:44,101 INFO o.a.j.t.JMeterThread: Thread is done: tearDown Thread Group 1-1
2018-07-13 00:15:44,101 INFO o.a.j.t.JMeterThread: Thread finished: tearDown Thread Group 1-1
2018-07-13 00:15:44,102 INFO o.a.j.e.StandardJMeterEngine: Notifying test listeners of end of test
2018-07-13 00:15:44,103 INFO o.a.j.g.u.JMeterMenuBar: setRunning(false, *local*)
